Using pre-set license
Built from '2020.3/china_unity/release' branch; Version is '2020.3.8f1c1 (0b92326fa640) revision 758322'; Using compiler version '192528614'; Build Type 'Release'
OS: 'Windows 10 Home China; OS build 22454.1000; Version 2009; 64bit' Language: 'zh' Physical Memory: 32480 MB
BatchMode: 1, IsHumanControllingUs: 0, StartBugReporterOnCrash: 0, Is64bit: 1, IsPro: 0

 COMMAND LINE ARGUMENTS:
D:\Unity\Editor\2020.3.8f1c1\Editor\Unity.exe
-adb2
-batchMode
-noUpm
-name
AssetImportWorker1
-projectPath
D:/Unity/project/SRPLearn
-logFile
Logs/AssetImportWorker1.log
-srvPort
51374
Successfully changed project path to: D:/Unity/project/SRPLearn
D:/Unity/project/SRPLearn
Using Asset Import Pipeline V2.
Refreshing native plugins compatible for Editor in 38.21 ms, found 0 plugins.
Preloading 0 native plugins for Editor in 0.00 ms.
Initialize engine version: 2020.3.8f1c1 (0b92326fa640)
[Subsystems] Discovering subsystems at path D:/Unity/Editor/2020.3.8f1c1/Editor/Data/Resources/UnitySubsystems
[Subsystems] Discovering subsystems at path D:/Unity/project/SRPLearn/Assets
GfxDevice: creating device client; threaded=0
Direct3D:
    Version:  Direct3D 11.0 [level 11.1]
    Renderer: NVIDIA GeForce GTX 1650 SUPER (ID=0x2187)
    Vendor:   
    VRAM:     3955 MB
    Driver:   27.21.14.6679
Initialize mono
Mono path[0] = 'D:/Unity/Editor/2020.3.8f1c1/Editor/Data/Managed'
Mono path[1] = 'D:/Unity/Editor/2020.3.8f1c1/Editor/Data/MonoBleedingEdge/lib/mono/unityjit'
Mono config path = 'D:/Unity/Editor/2020.3.8f1c1/Editor/Data/MonoBleedingEdge/etc'
Using monoOptions --debugger-agent=transport=dt_socket,embedding=1,server=y,suspend=n,address=127.0.0.1:56080
Begin MonoManager ReloadAssembly
Registering precompiled unity dll's ...
Register platform support module: D:/Unity/Editor/2020.3.8f1c1/Editor/Data/PlaybackEngines/WindowsStandaloneSupport/UnityEditor.WindowsStandalone.Extensions.dll
Registered in 0.000764 seconds.
Native extension for WindowsStandalone target not found
Refreshing native plugins compatible for Editor in 22.54 ms, found 0 plugins.
Preloading 0 native plugins for Editor in 0.00 ms.
Mono: successfully reloaded assembly
- Completed reload, in  1.779 seconds
Platform modules already initialized, skipping
Registering precompiled user dll's ...
Registered in 0.001483 seconds.
Begin MonoManager ReloadAssembly
Native extension for WindowsStandalone target not found
Refreshing native plugins compatible for Editor in 21.44 ms, found 0 plugins.
Preloading 0 native plugins for Editor in 0.00 ms.
Mono: successfully reloaded assembly
- Completed reload, in  0.795 seconds
Platform modules already initialized, skipping
========================================================================
Worker process is ready to serve import requests
Launched and connected shader compiler UnityShaderCompiler.exe after 0.09 seconds
Refreshing native plugins compatible for Editor in 0.33 ms, found 0 plugins.
Preloading 0 native plugins for Editor in 0.00 ms.
Unloading 1300 Unused Serialized files (Serialized files now loaded: 0)
System memory in use before: 63.9 MB.
System memory in use after: 64.0 MB.

Unloading 10 unused Assets to reduce memory usage. Loaded Objects now: 1746.
Total: 1.324100 ms (FindLiveObjects: 0.105100 ms CreateObjectMapping: 0.031000 ms MarkObjects: 1.137700 ms  DeleteObjects: 0.049700 ms)

AssetImportWorkerClient::OnTransportError - code=2 error=End of file
